2023.07.18 17:47:37 INFO  Started: Metals version 0.11.12 in workspace '/Users/tobetch/git/try/try-scala/tutorial-for-java-programmer' for client Visual Studio Code 1.80.0.[0m
7æœˆ 18, 2023 5:47:37 åˆå¾Œ org.flywaydb.core.internal.license.VersionPrinter printVersionOnly
æƒ…å ±: Flyway Community Edition 9.16.3 by Redgate
7æœˆ 18, 2023 5:47:37 åˆå¾Œ org.flywaydb.core.internal.license.VersionPrinter printVersion
æƒ…å ±: See release notes here: https://rd.gt/416ObMi
7æœˆ 18, 2023 5:47:37 åˆå¾Œ org.flywaydb.core.internal.license.VersionPrinter printVersion
æƒ…å ±: 
7æœˆ 18, 2023 5:47:37 åˆå¾Œ org.flywaydb.core.internal.database.base.BaseDatabaseType createDatabase
æƒ…å ±: Database: jdbc:h2:file:/Users/tobetch/git/try/try-scala/tutorial-for-java-programmer/.metals/metals (H2 2.1)
7æœˆ 18, 2023 5:47:37 åˆå¾Œ org.flywaydb.core.internal.schemahistory.JdbcTableSchemaHistory allAppliedMigrations
æƒ…å ±: Schema history table "PUBLIC"."flyway_schema_history" does not exist yet
7æœˆ 18, 2023 5:47:37 åˆå¾Œ org.flywaydb.core.internal.command.DbValidate validate
æƒ…å ±: Successfully validated 4 migrations (execution time 00:00.013s)
7æœˆ 18, 2023 5:47:37 åˆå¾Œ org.flywaydb.core.internal.schemahistory.JdbcTableSchemaHistory create
æƒ…å ±: Creating Schema History table "PUBLIC"."flyway_schema_history" ...
7æœˆ 18, 2023 5:47:37 åˆå¾Œ org.flywaydb.core.internal.command.DbMigrate migrateGroup
æƒ…å ±: Current version of schema "PUBLIC": << Empty Schema >>
7æœˆ 18, 2023 5:47:37 åˆå¾Œ org.flywaydb.core.internal.command.DbMigrate doMigrateGroup
æƒ…å ±: Migrating schema "PUBLIC" to version "1 - Create tables"
7æœˆ 18, 2023 5:47:37 åˆå¾Œ org.flywaydb.core.internal.command.DbMigrate doMigrateGroup
æƒ…å ±: Migrating schema "PUBLIC" to version "2 - Server discovery"
7æœˆ 18, 2023 5:47:37 åˆå¾Œ org.flywaydb.core.internal.command.DbMigrate doMigrateGroup
æƒ…å ±: Migrating schema "PUBLIC" to version "3 - Jar symbols"
7æœˆ 18, 2023 5:47:37 åˆå¾Œ org.flywaydb.core.internal.command.DbMigrate doMigrateGroup
æƒ…å ±: Migrating schema "PUBLIC" to version "4 - Fingerprints"
7æœˆ 18, 2023 5:47:37 åˆå¾Œ org.flywaydb.core.internal.command.DbMigrate logSummary
æƒ…å ±: Successfully applied 4 migrations to schema "PUBLIC", now at version v4 (execution time 00:00.049s)
2023.07.18 17:47:38 INFO  time: initialize in 0.5s[0m
2023.07.18 17:47:39 WARN  Build server is not auto-connectable.[0m
2023.07.18 17:47:39 WARN  no build tool detected in workspace '/Users/tobetch/git/try/try-scala/tutorial-for-java-programmer'. The most common cause for this problem is that the editor was opened in the wrong working directory, for example if you use sbt then the workspace directory should contain build.sbt. [0m
2023.07.18 17:47:39 WARN  no build target for: /Users/tobetch/git/try/try-scala/tutorial-for-java-programmer/HelloWorld.scala[0m
2023.07.18 17:47:41 INFO  no build target found for /Users/tobetch/git/try/try-scala/tutorial-for-java-programmer/HelloWorld.scala. Using presentation compiler with project's scala-library version: 3.2.2[0m
2023.07.18 17:47:42 INFO  time: code lens generation in 3.27s[0m
